<?xml version="1.0" encoding="UTF-8"?>
<!-- Generated by org.testng.reporters.JUnitReportReporter -->
<testsuite hostname="DESKTOP-HTJJPCU" failures="0" tests="1" name="com.qa.testcases.Matchers4" time="0.012" errors="0" timestamp="2024-09-27T21:59:49 IST" skipped="0">
  <testcase classname="com.qa.testcases.Matchers4" name="verifyLoginWithValidCred" time="0.012"/>
</testsuite> <!-- com.qa.testcases.Matchers4 -->
