<?xml version="1.0" encoding="UTF-8"?>
<!-- Generated by org.testng.reporters.JUnitReportReporter -->
<testsuite hostname="DESKTOP-HTJJPCU" failures="0" tests="1" name="com.qa.testcases.CheckboxExample3" time="19.177" errors="0" timestamp="2024-10-04T18:36:26 IST" skipped="0">
  <testcase classname="com.qa.testcases.CheckboxExample3" name="verifyLoginWithValidCred" time="19.177"/>
</testsuite> <!-- com.qa.testcases.CheckboxExample3 -->
