<?xml version="1.0" encoding="UTF-8"?>
<!-- Generated by org.testng.reporters.JUnitReportReporter -->
<testsuite hostname="DESKTOP-HTJJPCU" failures="0" tests="1" name="com.qa.testcases.MergeArraysAndSort" time="0.012" errors="0" timestamp="2024-10-12T12:31:06 IST" skipped="0">
  <testcase classname="com.qa.testcases.MergeArraysAndSort" name="verifyLoginWithValidCred" time="0.012"/>
</testsuite> <!-- com.qa.testcases.MergeArraysAndSort -->
