<?xml version="1.0" encoding="UTF-8"?>
<!-- Generated by org.testng.reporters.JUnitReportReporter -->
<testsuite hostname="DESKTOP-HTJJPCU" failures="0" tests="1" name="com.qa.testcases.CheckboxExample2" time="0.023" errors="0" timestamp="2024-10-04T18:36:26 IST" skipped="0">
  <testcase classname="com.qa.testcases.CheckboxExample2" name="verifyLoginWithValidCred" time="0.023"/>
</testsuite> <!-- com.qa.testcases.CheckboxExample2 -->
