<?xml version="1.0" encoding="UTF-8"?>
<!-- Generated by org.testng.reporters.JUnitReportReporter -->
<testsuite hostname="DESKTOP-HTJJPCU" failures="0" tests="1" name="com.qa.testcases.MoveZeroesToEnd" time="0.013" errors="0" timestamp="2024-09-24T20:24:15 IST" skipped="0">
  <testcase classname="com.qa.testcases.MoveZeroesToEnd" name="verifyLoginWithValidCred" time="0.013"/>
</testsuite> <!-- com.qa.testcases.MoveZeroesToEnd -->
