<?xml version="1.0" encoding="UTF-8"?>
<!-- Generated by org.testng.reporters.JUnitReportReporter -->
<testsuite hostname="DESKTOP-HTJJPCU" failures="0" tests="1" name="com.qa.testcases.CheckboxExample4" time="0.010" errors="0" timestamp="2024-09-15T18:20:18 IST" skipped="0">
  <testcase classname="com.qa.testcases.CheckboxExample4" name="verifyLoginWithValidCred" time="0.010"/>
</testsuite> <!-- com.qa.testcases.CheckboxExample4 -->
