<?xml version="1.0" encoding="UTF-8"?>
<!-- Generated by org.testng.reporters.JUnitReportReporter -->
<testsuite hostname="DESKTOP-HTJJPCU" failures="0" tests="1" name="com.qa.testcases.RestAssuredTest" time="2.543" errors="0" timestamp="2024-10-09T13:44:48 IST" skipped="0">
  <testcase classname="com.qa.testcases.RestAssuredTest" name="verifyLoginWithValidCred" time="2.543"/>
</testsuite> <!-- com.qa.testcases.RestAssuredTest -->
