<?xml version="1.0" encoding="UTF-8"?>
<!-- Generated by org.testng.reporters.JUnitReportReporter -->
<testsuite hostname="DESKTOP-HTJJPCU" failures="0" tests="1" name="com.qa.testcases.TestClass" time="0.010" errors="0" timestamp="2024-05-12T19:49:53 IST" skipped="0">
  <testcase classname="com.qa.testcases.TestClass" name="CheckOne" time="0.010"/>
</testsuite> <!-- com.qa.testcases.TestClass -->
