<?xml version="1.0" encoding="UTF-8"?>
<!-- Generated by org.testng.reporters.JUnitReportReporter -->
<testsuite hostname="DESKTOP-HTJJPCU" failures="0" tests="1" name="com.qa.testcases.Login" time="12.351" errors="0" timestamp="2024-05-14T15:51:52 IST" skipped="0">
  <testcase classname="com.qa.testcases.Login" name="verifyLoginWithValidCred" time="12.351"/>
</testsuite> <!-- com.qa.testcases.Login -->
