<?xml version="1.0" encoding="UTF-8"?>
<!-- Generated by org.testng.reporters.JUnitReportReporter -->
<testsuite hostname="DESKTOP-HTJJPCU" failures="0" tests="1" name="com.qa.pages.TestClass" time="0.009" errors="0" timestamp="2024-05-12T19:50:27 IST" skipped="0">
  <testcase classname="com.qa.pages.TestClass" name="CheckOne" time="0.009"/>
</testsuite> <!-- com.qa.pages.TestClass -->
