<?xml version="1.0" encoding="UTF-8"?>
<!-- Generated by org.testng.reporters.JUnitReportReporter -->
<testsuite hostname="DESKTOP-HTJJPCU" failures="0" tests="1" name="com.qa.testcases.Login3" time="36.809" errors="0" timestamp="2024-05-15T22:15:21 IST" skipped="0">
  <testcase classname="com.qa.testcases.Login3" name="verifyLoginWithValidCred" time="36.809"/>
</testsuite> <!-- com.qa.testcases.Login3 -->
