<?xml version="1.0" encoding="UTF-8"?>
<!-- Generated by org.testng.reporters.JUnitReportReporter -->
<testsuite hostname="DESKTOP-HTJJPCU" failures="0" tests="1" name="com.qa.testcases.MoveZeroesToEnd3" time="10.294" errors="0" timestamp="2024-09-25T11:47:05 IST" skipped="0">
  <testcase classname="com.qa.testcases.MoveZeroesToEnd3" name="verifyLoginWithValidCred" time="10.294"/>
</testsuite> <!-- com.qa.testcases.MoveZeroesToEnd3 -->
