<?xml version="1.0" encoding="UTF-8"?>
<!-- Generated by org.testng.reporters.JUnitReportReporter -->
<testsuite hostname="DESKTOP-HTJJPCU" failures="0" tests="1" name="com.qa.testcases.FactorialUsingRecursion" time="0.009" errors="0" timestamp="2024-09-24T18:12:25 IST" skipped="0">
  <testcase classname="com.qa.testcases.FactorialUsingRecursion" name="verifyLoginWithValidCred" time="0.009"/>
</testsuite> <!-- com.qa.testcases.FactorialUsingRecursion -->
