<?xml version="1.0" encoding="UTF-8"?>
<!-- Generated by org.testng.reporters.JUnitReportReporter -->
<testsuite hostname="DESKTOP-HTJJPCU" failures="0" tests="1" name="com.qa.testcases.RestAssuredTest" time="2.441" errors="0" timestamp="2024-09-20T22:46:54 IST" skipped="0">
  <testcase classname="com.qa.testcases.RestAssuredTest" name="verifyLoginWithValidCred" time="2.441"/>
</testsuite> <!-- com.qa.testcases.RestAssuredTest -->
