<?xml version="1.0" encoding="UTF-8"?>
<!-- Generated by org.testng.reporters.JUnitReportReporter -->
<testsuite hostname="DESKTOP-HTJJPCU" failures="0" tests="1" name="com.qa.testcases.Matchers" time="0.028" errors="0" timestamp="2024-09-27T13:47:33 IST" skipped="0">
  <testcase classname="com.qa.testcases.Matchers" name="verifyLoginWithValidCred" time="0.028"/>
</testsuite> <!-- com.qa.testcases.Matchers -->
