<?xml version="1.0" encoding="UTF-8"?>
<!-- Generated by org.testng.reporters.JUnitReportReporter -->
<testsuite hostname="DESKTOP-HTJJPCU" failures="0" tests="1" name="com.qa.testcases.DynamicDropdownHandle" time="17.851" errors="0" timestamp="2024-05-17T16:25:04 IST" skipped="0">
  <testcase classname="com.qa.testcases.DynamicDropdownHandle" name="verifyLoginWithValidCred" time="17.851"/>
</testsuite> <!-- com.qa.testcases.DynamicDropdownHandle -->
