<?xml version="1.0" encoding="UTF-8"?>
<!-- Generated by org.testng.reporters.JUnitReportReporter -->
<testsuite hostname="DESKTOP-HTJJPCU" failures="0" tests="1" name="com.qa.testcases.Login2" time="10.686" errors="0" timestamp="2024-05-14T16:29:11 IST" skipped="0">
  <testcase classname="com.qa.testcases.Login2" name="verifyLoginWithValidCred" time="10.686"/>
</testsuite> <!-- com.qa.testcases.Login2 -->
