<?xml version="1.0" encoding="UTF-8"?>
<!-- Generated by org.testng.reporters.JUnitReportReporter -->
<testsuite hostname="DESKTOP-HTJJPCU" failures="0" tests="1" name="com.qa.testcases.CheckboxExample" time="7.452" errors="0" timestamp="2024-10-04T18:36:26 IST" skipped="0">
  <testcase classname="com.qa.testcases.CheckboxExample" name="verifyLoginWithValidCred" time="7.452"/>
</testsuite> <!-- com.qa.testcases.CheckboxExample -->
