<?xml version="1.0" encoding="UTF-8"?>
<!-- Generated by org.testng.reporters.JUnitReportReporter -->
<testsuite hostname="DESKTOP-HTJJPCU" failures="0" tests="1" name="com.qa.testcases.DropDownExample" time="0.010" errors="0" timestamp="2024-09-25T22:38:39 IST" skipped="0">
  <testcase classname="com.qa.testcases.DropDownExample" name="verifyLoginWithValidCred" time="0.010"/>
</testsuite> <!-- com.qa.testcases.DropDownExample -->
