<?xml version="1.0" encoding="UTF-8"?>
<!-- Generated by org.testng.reporters.JUnitReportReporter -->
<testsuite hostname="DESKTOP-HTJJPCU" failures="0" tests="1" name="com.qa.testcases.CheckboxExample" time="4.073" errors="0" timestamp="2024-09-28T13:12:37 IST" skipped="0">
  <testcase classname="com.qa.testcases.CheckboxExample" name="verifyLoginWithValidCred" time="4.073"/>
</testsuite> <!-- com.qa.testcases.CheckboxExample -->
